INFO 2024-01-31 16:47:12,311 django.utils.autoreload MainThread 1468 autoreload autoreload.py 668 django.utils.autoreload run_with_reloader 8056 Watching for file changes with StatReloader
INFO 2024-01-31 16:47:18,109 django.server Thread-1 (process_request_thread) 27724 basehttp basehttp.py 212 django.server log_message 8056 "GET / HTTP/1.1" 200 4977
INFO 2024-01-31 16:47:19,650 django.server Thread-1 (process_request_thread) 27724 basehttp basehttp.py 212 django.server log_message 8056 "GET /login/ HTTP/1.1" 200 6873
INFO 2024-01-31 16:48:23,741 django.server Thread-1 (process_request_thread) 27724 basehttp basehttp.py 212 django.server log_message 8056 "GET / HTTP/1.1" 200 4977
INFO 2024-01-31 16:49:59,596 django.server Thread-1 (process_request_thread) 27724 basehttp basehttp.py 212 django.server log_message 8056 "GET / HTTP/1.1" 200 4977
INFO 2024-01-31 16:50:01,575 django.server Thread-1 (process_request_thread) 27724 basehttp basehttp.py 212 django.server log_message 8056 "GET /login/ HTTP/1.1" 200 6741
INFO 2024-01-31 16:50:12,386 django.server Thread-1 (process_request_thread) 27724 basehttp basehttp.py 212 django.server log_message 8056 "POST /login/ HTTP/1.1" 302 0
INFO 2024-01-31 16:50:12,453 django.server Thread-1 (process_request_thread) 27724 basehttp basehttp.py 212 django.server log_message 8056 "GET /useraccount/systemcategories/ HTTP/1.1" 200 11490
WARNING 2024-01-31 16:50:12,496 django.server Thread-1 (process_request_thread) 27724 basehttp basehttp.py 212 django.server log_message 8056 "GET /static/image/flag.jpeg HTTP/1.1" 404 1804
INFO 2024-01-31 16:51:41,242 django.server Thread-5 (process_request_thread) 10984 basehttp basehttp.py 212 django.server log_message 8056 "GET /useraccount/systemcategories/ HTTP/1.1" 200 11498
WARNING 2024-01-31 16:51:41,280 django.server Thread-6 (process_request_thread) 25784 basehttp basehttp.py 212 django.server log_message 8056 "GET /static/image/flag.jpeg HTTP/1.1" 404 1804
WARNING 2024-01-31 16:51:41,303 django.request Thread-5 (process_request_thread) 10984 log log.py 241 django.request log_response 8056 Not Found: /useraccount/systemcategories/{% static % 'image/flag.jpeg' }
WARNING 2024-01-31 16:51:41,307 django.server Thread-5 (process_request_thread) 10984 basehttp basehttp.py 212 django.server log_message 8056 "GET /useraccount/systemcategories/%7B%%20static%20%%20'image/flag.jpeg'%20%7D HTTP/1.1" 404 8746
INFO 2024-01-31 16:51:42,260 django.server Thread-5 (process_request_thread) 10984 basehttp basehttp.py 212 django.server log_message 8056 "GET /useraccount/systemcategories/ HTTP/1.1" 200 11498
WARNING 2024-01-31 16:51:42,287 django.server Thread-5 (process_request_thread) 10984 basehttp basehttp.py 212 django.server log_message 8056 "GET /static/image/flag.jpeg HTTP/1.1" 404 1804
WARNING 2024-01-31 16:51:42,311 django.request Thread-7 (process_request_thread) 2880 log log.py 241 django.request log_response 8056 Not Found: /useraccount/systemcategories/{% static % 'image/flag.jpeg' }
WARNING 2024-01-31 16:51:42,311 django.server Thread-7 (process_request_thread) 2880 basehttp basehttp.py 212 django.server log_message 8056 "GET /useraccount/systemcategories/%7B%%20static%20%%20'image/flag.jpeg'%20%7D HTTP/1.1" 404 8746
INFO 2024-01-31 16:52:35,368 django.server Thread-7 (process_request_thread) 2880 basehttp basehttp.py 212 django.server log_message 8056 "GET /useraccount/usercategories/ HTTP/1.1" 200 4819
INFO 2024-01-31 16:52:37,065 django.server Thread-7 (process_request_thread) 2880 basehttp basehttp.py 212 django.server log_message 8056 "GET /useraccount/systemcategories/ HTTP/1.1" 200 11490
WARNING 2024-01-31 16:52:37,086 django.server Thread-7 (process_request_thread) 2880 basehttp basehttp.py 212 django.server log_message 8056 "GET /static/image/flag.jpeg HTTP/1.1" 404 1804
INFO 2024-01-31 16:52:38,684 django.server Thread-8 (process_request_thread) 15440 basehttp basehttp.py 212 django.server log_message 8056 "GET /useraccount/userinfo/ HTTP/1.1" 200 9222
INFO 2024-01-31 16:52:40,776 django.server Thread-8 (process_request_thread) 15440 basehttp basehttp.py 212 django.server log_message 8056 "GET /useraccount/profile/ HTTP/1.1" 200 9630
WARNING 2024-01-31 16:52:40,816 django.server Thread-8 (process_request_thread) 15440 basehttp basehttp.py 212 django.server log_message 8056 "GET /static/image/defult.png HTTP/1.1" 404 1807
WARNING 2024-01-31 16:52:40,816 django.server Thread-9 (process_request_thread) 23188 basehttp basehttp.py 212 django.server log_message 8056 "GET /static/image/writing-icon.svg HTTP/1.1" 404 1825
INFO 2024-01-31 16:53:28,317 django.server Thread-10 (process_request_thread) 7284 basehttp basehttp.py 212 django.server log_message 8056 "GET /useraccount/profile/ HTTP/1.1" 200 9630
WARNING 2024-01-31 16:53:28,348 django.server Thread-11 (process_request_thread) 29988 basehttp basehttp.py 212 django.server log_message 8056 "GET /static/image/writing-icon.svg HTTP/1.1" 404 1825
WARNING 2024-01-31 16:53:28,348 django.server Thread-10 (process_request_thread) 7284 basehttp basehttp.py 212 django.server log_message 8056 "GET /static/image/defult.png HTTP/1.1" 404 1807
INFO 2024-01-31 16:53:30,176 django.server Thread-12 (process_request_thread) 28920 basehttp basehttp.py 212 django.server log_message 8056 "GET /useraccount/systemcategories/ HTTP/1.1" 200 11497
WARNING 2024-01-31 16:53:30,205 django.server Thread-12 (process_request_thread) 28920 basehttp basehttp.py 212 django.server log_message 8056 "GET /static/image/flag.jpeg HTTP/1.1" 404 1804
WARNING 2024-01-31 16:53:30,209 django.server Thread-13 (process_request_thread) 30520 basehttp basehttp.py 212 django.server log_message 8056 "GET /static/static/image/flag.jpeg HTTP/1.1" 404 1825
INFO 2024-01-31 16:53:32,139 django.server Thread-14 (process_request_thread) 9300 basehttp basehttp.py 212 django.server log_message 8056 "GET /useraccount/systemcategories/ HTTP/1.1" 200 11497
WARNING 2024-01-31 16:53:32,175 django.server Thread-15 (process_request_thread) 27016 basehttp basehttp.py 212 django.server log_message 8056 "GET /static/static/image/flag.jpeg HTTP/1.1" 404 1825
WARNING 2024-01-31 16:53:32,175 django.server Thread-14 (process_request_thread) 9300 basehttp basehttp.py 212 django.server log_message 8056 "GET /static/image/flag.jpeg HTTP/1.1" 404 1804
INFO 2024-01-31 16:54:37,818 django.server Thread-16 (process_request_thread) 29944 basehttp basehttp.py 212 django.server log_message 8056 "GET /useraccount/systemcategories/ HTTP/1.1" 200 11490
WARNING 2024-01-31 16:54:37,847 django.server Thread-16 (process_request_thread) 29944 basehttp basehttp.py 212 django.server log_message 8056 "GET /static/image/flag.jpeg HTTP/1.1" 404 1804
INFO 2024-01-31 16:54:38,387 django.server Thread-17 (process_request_thread) 13132 basehttp basehttp.py 212 django.server log_message 8056 "GET /useraccount/systemcategories/ HTTP/1.1" 200 11490
WARNING 2024-01-31 16:54:38,406 django.server Thread-17 (process_request_thread) 13132 basehttp basehttp.py 212 django.server log_message 8056 "GET /static/image/flag.jpeg HTTP/1.1" 404 1804
INFO 2024-01-31 16:54:38,471 django.server Thread-18 (process_request_thread) 30276 basehttp basehttp.py 212 django.server log_message 8056 "GET /useraccount/systemcategories/ HTTP/1.1" 200 11490
WARNING 2024-01-31 16:54:38,501 django.server Thread-18 (process_request_thread) 30276 basehttp basehttp.py 212 django.server log_message 8056 "GET /static/image/flag.jpeg HTTP/1.1" 404 1804
INFO 2024-01-31 16:54:38,706 django.server Thread-19 (process_request_thread) 13780 basehttp basehttp.py 212 django.server log_message 8056 "GET /useraccount/systemcategories/ HTTP/1.1" 200 11490
WARNING 2024-01-31 16:54:38,720 django.server Thread-19 (process_request_thread) 13780 basehttp basehttp.py 212 django.server log_message 8056 "GET /static/image/flag.jpeg HTTP/1.1" 404 1804
ERROR 2024-01-31 16:54:49,532 django.request Thread-20 (process_request_thread) 25052 log log.py 241 django.request log_response 8056 Internal Server Error: /useraccount/systemcategories/
Traceback (most recent call last):
  File "C:\Users\Raghad-windows\anaconda3\lib\site-packages\django\template\base.py", line 502, in parse
    compile_func = self.tags[command]
KeyError: 'static'

During handling of the above exception, another exception occurred:

Traceback (most recent call last):
  File "C:\Users\Raghad-windows\anaconda3\lib\site-packages\django\core\handlers\exception.py", line 55, in inner
    response = get_response(request)
  File "C:\Users\Raghad-windows\anaconda3\lib\site-packages\django\core\handlers\base.py", line 197, in _get_response
    response = wrapped_callback(request, *callback_args, **callback_kwargs)
  File "C:\Users\Raghad-windows\anaconda3\lib\site-packages\django\contrib\auth\decorators.py", line 23, in _wrapper_view
    return view_func(request, *args, **kwargs)
  File "C:\Users\Raghad-windows\Desktop\dev\SysDoc2\SysDoc2\useraccount\views.py", line 246, in system_categories
    return render(request,"user/systemcategories.html",{'belongs_to_group1': belongs_to_group1})
  File "C:\Users\Raghad-windows\anaconda3\lib\site-packages\django\shortcuts.py", line 24, in render
    content = loader.render_to_string(template_name, context, request, using=using)
  File "C:\Users\Raghad-windows\anaconda3\lib\site-packages\django\template\loader.py", line 61, in render_to_string
    template = get_template(template_name, using=using)
  File "C:\Users\Raghad-windows\anaconda3\lib\site-packages\django\template\loader.py", line 15, in get_template
    return engine.get_template(template_name)
  File "C:\Users\Raghad-windows\anaconda3\lib\site-packages\django\template\backends\django.py", line 33, in get_template
    return Template(self.engine.get_template(template_name), self)
  File "C:\Users\Raghad-windows\anaconda3\lib\site-packages\django\template\engine.py", line 175, in get_template
    template, origin = self.find_template(template_name)
  File "C:\Users\Raghad-windows\anaconda3\lib\site-packages\django\template\engine.py", line 157, in find_template
    template = loader.get_template(name, skip=skip)
  File "C:\Users\Raghad-windows\anaconda3\lib\site-packages\django\template\loaders\cached.py", line 57, in get_template
    template = super().get_template(template_name, skip)
  File "C:\Users\Raghad-windows\anaconda3\lib\site-packages\django\template\loaders\base.py", line 28, in get_template
    return Template(
  File "C:\Users\Raghad-windows\anaconda3\lib\site-packages\django\template\base.py", line 154, in __init__
    self.nodelist = self.compile_nodelist()
  File "C:\Users\Raghad-windows\anaconda3\lib\site-packages\django\template\base.py", line 196, in compile_nodelist
    return parser.parse()
  File "C:\Users\Raghad-windows\anaconda3\lib\site-packages\django\template\base.py", line 510, in parse
    raise self.error(token, e)
  File "C:\Users\Raghad-windows\anaconda3\lib\site-packages\django\template\base.py", line 508, in parse
    compiled_result = compile_func(self, token)
  File "C:\Users\Raghad-windows\anaconda3\lib\site-packages\django\template\loader_tags.py", line 295, in do_extends
    nodelist = parser.parse()
  File "C:\Users\Raghad-windows\anaconda3\lib\site-packages\django\template\base.py", line 504, in parse
    self.invalid_block_tag(token, command, parse_until)
  File "C:\Users\Raghad-windows\anaconda3\lib\site-packages\django\template\base.py", line 565, in invalid_block_tag
    raise self.error(
django.template.exceptions.TemplateSyntaxError: Invalid block tag on line 3: 'static'. Did you forget to register or load this tag?
ERROR 2024-01-31 16:54:49,538 django.server Thread-20 (process_request_thread) 25052 basehttp basehttp.py 212 django.server log_message 8056 "GET /useraccount/systemcategories/ HTTP/1.1" 500 202830
INFO 2024-01-31 16:54:56,800 django.server Thread-20 (process_request_thread) 25052 basehttp basehttp.py 212 django.server log_message 8056 "GET /useraccount/systemcategories/ HTTP/1.1" 200 11490
WARNING 2024-01-31 16:54:56,819 django.server Thread-20 (process_request_thread) 25052 basehttp basehttp.py 212 django.server log_message 8056 "GET /static/image/flag.jpeg HTTP/1.1" 404 1804
INFO 2024-01-31 17:00:53,449 django.utils.autoreload MainThread 1468 autoreload autoreload.py 266 django.utils.autoreload trigger_reload 8056 C:\Users\Raghad-windows\Desktop\dev\SysDoc2\SysDoc2\DocOrgnizerMaria\settings.py changed, reloading.
INFO 2024-01-31 17:00:54,226 django.utils.autoreload MainThread 19708 autoreload autoreload.py 668 django.utils.autoreload run_with_reloader 5504 Watching for file changes with StatReloader
INFO 2024-01-31 17:01:13,208 django.utils.autoreload MainThread 19708 autoreload autoreload.py 266 django.utils.autoreload trigger_reload 5504 C:\Users\Raghad-windows\Desktop\dev\SysDoc2\SysDoc2\DocOrgnizerMaria\settings.py changed, reloading.
INFO 2024-01-31 17:01:13,997 django.utils.autoreload MainThread 12404 autoreload autoreload.py 668 django.utils.autoreload run_with_reloader 15684 Watching for file changes with StatReloader
INFO 2024-01-31 17:01:20,205 django.server Thread-1 (process_request_thread) 30324 basehttp basehttp.py 212 django.server log_message 15684 "GET /useraccount/systemcategories/ HTTP/1.1" 302 0
INFO 2024-01-31 17:01:20,234 django.server Thread-1 (process_request_thread) 30324 basehttp basehttp.py 212 django.server log_message 15684 "GET /login/?next=/useraccount/systemcategories/ HTTP/1.1" 200 6873
INFO 2024-01-31 17:01:26,193 django.server Thread-1 (process_request_thread) 30324 basehttp basehttp.py 212 django.server log_message 15684 "POST /login/?next=/useraccount/systemcategories/ HTTP/1.1" 200 6892
INFO 2024-01-31 17:01:34,208 django.server Thread-1 (process_request_thread) 30324 basehttp basehttp.py 212 django.server log_message 15684 "POST /login/?next=/useraccount/systemcategories/ HTTP/1.1" 302 0
INFO 2024-01-31 17:01:34,255 django.server Thread-1 (process_request_thread) 30324 basehttp basehttp.py 212 django.server log_message 15684 "GET /useraccount/systemcategories/ HTTP/1.1" 200 11490
INFO 2024-01-31 17:01:34,351 django.server Thread-1 (process_request_thread) 30324 basehttp basehttp.py 212 django.server log_message 15684 "GET /static/image/flag.jpeg HTTP/1.1" 200 39512
INFO 2024-01-31 17:04:11,645 django.utils.autoreload MainThread 12404 autoreload autoreload.py 266 django.utils.autoreload trigger_reload 15684 C:\Users\Raghad-windows\Desktop\dev\SysDoc2\SysDoc2\DocOrgnizerMaria\settings.py changed, reloading.
INFO 2024-01-31 17:04:12,450 django.utils.autoreload MainThread 16088 autoreload autoreload.py 668 django.utils.autoreload run_with_reloader 4452 Watching for file changes with StatReloader
INFO 2024-01-31 17:05:02,495 django.utils.autoreload MainThread 16088 autoreload autoreload.py 266 django.utils.autoreload trigger_reload 4452 C:\Users\Raghad-windows\Desktop\dev\SysDoc2\SysDoc2\DocOrgnizerMaria\settings.py changed, reloading.
INFO 2024-01-31 17:05:03,245 django.utils.autoreload MainThread 17744 autoreload autoreload.py 668 django.utils.autoreload run_with_reloader 16192 Watching for file changes with StatReloader
INFO 2024-01-31 17:05:07,170 django.server Thread-1 (process_request_thread) 24304 basehttp basehttp.py 212 django.server log_message 16192 "GET / HTTP/1.1" 200 4977
INFO 2024-01-31 17:28:56,531 django.server Thread-3 (process_request_thread) 13440 basehttp basehttp.py 212 django.server log_message 16192 "GET /login/ HTTP/1.1" 200 6873
INFO 2024-01-31 17:29:03,522 django.server Thread-3 (process_request_thread) 13440 basehttp basehttp.py 212 django.server log_message 16192 "POST /login/ HTTP/1.1" 200 6892
INFO 2024-01-31 17:29:11,132 django.server Thread-3 (process_request_thread) 13440 basehttp basehttp.py 212 django.server log_message 16192 "POST /login/ HTTP/1.1" 302 0
INFO 2024-01-31 17:29:11,156 django.server Thread-3 (process_request_thread) 13440 basehttp basehttp.py 212 django.server log_message 16192 "GET /useraccount/systemcategories/ HTTP/1.1" 200 11490
INFO 2024-01-31 17:29:11,173 django.server Thread-3 (process_request_thread) 13440 basehttp basehttp.py 212 django.server log_message 16192 "GET /static/image/flag.jpeg HTTP/1.1" 304 0
INFO 2024-01-31 17:29:14,755 django.server Thread-3 (process_request_thread) 13440 basehttp basehttp.py 212 django.server log_message 16192 "GET /useraccount/profile/ HTTP/1.1" 200 9630
INFO 2024-01-31 17:29:14,833 django.server Thread-4 (process_request_thread) 8016 basehttp basehttp.py 212 django.server log_message 16192 "GET /static/image/writing-icon.svg HTTP/1.1" 200 1156
INFO 2024-01-31 17:29:14,833 django.server Thread-3 (process_request_thread) 13440 basehttp basehttp.py 212 django.server log_message 16192 "GET /static/image/defult.png HTTP/1.1" 200 2332
INFO 2024-01-31 17:29:16,207 django.server Thread-3 (process_request_thread) 13440 basehttp basehttp.py 212 django.server log_message 16192 "GET /useraccount/aboutus/ HTTP/1.1" 200 6950
INFO 2024-01-31 17:29:16,249 django.server Thread-3 (process_request_thread) 13440 basehttp basehttp.py 212 django.server log_message 16192 "GET /static/image/maria.jpg HTTP/1.1" 200 89563
INFO 2024-01-31 17:29:16,251 django.server Thread-4 (process_request_thread) 8016 basehttp basehttp.py 212 django.server log_message 16192 "GET /static/image/deena.jpg HTTP/1.1" 200 145218
INFO 2024-01-31 17:29:16,261 django.server Thread-5 (process_request_thread) 7020 basehttp basehttp.py 212 django.server log_message 16192 "GET /static/image/haya.jpeg HTTP/1.1" 200 171446
INFO 2024-01-31 17:29:19,747 django.server Thread-5 (process_request_thread) 7020 basehttp basehttp.py 212 django.server log_message 16192 "GET /useraccount/userinfo/ HTTP/1.1" 200 9222
INFO 2024-01-31 17:29:21,500 django.server Thread-5 (process_request_thread) 7020 basehttp basehttp.py 212 django.server log_message 16192 "GET /useraccount/systemcategories/ HTTP/1.1" 200 11490
INFO 2024-01-31 17:29:23,373 django.server Thread-5 (process_request_thread) 7020 basehttp basehttp.py 212 django.server log_message 16192 "GET /useraccount/userinfo/ HTTP/1.1" 200 9222
INFO 2024-01-31 17:29:29,614 django.server Thread-5 (process_request_thread) 7020 basehttp basehttp.py 212 django.server log_message 16192 "GET /useraccount/userinfo/ HTTP/1.1" 200 9222
INFO 2024-01-31 17:29:31,343 django.server Thread-5 (process_request_thread) 7020 basehttp basehttp.py 212 django.server log_message 16192 "GET /useraccount/profile/ HTTP/1.1" 200 9630
INFO 2024-01-31 17:29:34,596 django.server Thread-5 (process_request_thread) 7020 basehttp basehttp.py 212 django.server log_message 16192 "GET /useraccount/createcategory/ HTTP/1.1" 200 8118
INFO 2024-01-31 17:30:31,427 django.server Thread-5 (process_request_thread) 7020 basehttp basehttp.py 212 django.server log_message 16192 "POST /useraccount/createcategory/ HTTP/1.1" 200 8221
INFO 2024-01-31 17:31:15,174 django.server Thread-5 (process_request_thread) 7020 basehttp basehttp.py 212 django.server log_message 16192 "POST /useraccount/createcategory/ HTTP/1.1" 302 0
INFO 2024-01-31 17:31:15,202 django.server Thread-5 (process_request_thread) 7020 basehttp basehttp.py 212 django.server log_message 16192 "GET /useraccount/usercategories/ HTTP/1.1" 200 5375
INFO 2024-01-31 17:36:17,336 django.utils.autoreload MainThread 17744 autoreload autoreload.py 266 django.utils.autoreload trigger_reload 16192 C:\Users\Raghad-windows\Desktop\dev\SysDoc2\SysDoc2\useraccount\views.py changed, reloading.
INFO 2024-01-31 17:36:18,063 django.utils.autoreload MainThread 11648 autoreload autoreload.py 668 django.utils.autoreload run_with_reloader 29996 Watching for file changes with StatReloader
INFO 2024-01-31 17:36:21,277 django.server Thread-1 (process_request_thread) 25948 basehttp basehttp.py 212 django.server log_message 29996 "GET / HTTP/1.1" 200 4977
INFO 2024-01-31 17:36:22,946 django.server Thread-1 (process_request_thread) 25948 basehttp basehttp.py 212 django.server log_message 29996 "GET /login/ HTTP/1.1" 200 6873
INFO 2024-01-31 17:36:43,813 django.server Thread-1 (process_request_thread) 25948 basehttp basehttp.py 212 django.server log_message 29996 "POST /login/ HTTP/1.1" 302 0
INFO 2024-01-31 17:36:43,870 django.server Thread-1 (process_request_thread) 25948 basehttp basehttp.py 212 django.server log_message 29996 "GET /useraccount/systemcategories/ HTTP/1.1" 200 11490
INFO 2024-01-31 17:36:43,892 django.server Thread-1 (process_request_thread) 25948 basehttp basehttp.py 212 django.server log_message 29996 "GET /static/image/flag.jpeg HTTP/1.1" 304 0
INFO 2024-01-31 17:36:47,797 django.server Thread-1 (process_request_thread) 25948 basehttp basehttp.py 212 django.server log_message 29996 "GET /useraccount/protectedcategory/National%20ID/ HTTP/1.1" 200 5972
INFO 2024-01-31 17:36:51,712 django.server Thread-1 (process_request_thread) 25948 basehttp basehttp.py 212 django.server log_message 29996 "POST /useraccount/protectedcategory/National%20ID/ HTTP/1.1" 302 0
INFO 2024-01-31 17:36:51,770 django.server Thread-1 (process_request_thread) 25948 basehttp basehttp.py 212 django.server log_message 29996 "GET /useraccount/document/National%20ID/ HTTP/1.1" 200 5515
INFO 2024-01-31 17:36:54,612 django.server Thread-1 (process_request_thread) 25948 basehttp basehttp.py 212 django.server log_message 29996 "GET /useraccount/open_pdf/National%20ID/408198356-nationalid.pdf/ HTTP/1.1" 200 5570491
INFO 2024-01-31 17:36:57,819 django.server Thread-1 (process_request_thread) 25948 basehttp basehttp.py 212 django.server log_message 29996 "GET /useraccount/download_pdf/National%20ID/408198356-nationalid.pdf/ HTTP/1.1" 200 5570491
INFO 2024-01-31 17:39:16,224 django.utils.autoreload MainThread 11648 autoreload autoreload.py 266 django.utils.autoreload trigger_reload 29996 C:\Users\Raghad-windows\Desktop\dev\SysDoc2\SysDoc2\useraccount\views.py changed, reloading.
INFO 2024-01-31 17:39:17,056 django.utils.autoreload MainThread 14872 autoreload autoreload.py 668 django.utils.autoreload run_with_reloader 13804 Watching for file changes with StatReloader
INFO 2024-01-31 17:40:07,781 django.utils.autoreload MainThread 14872 autoreload autoreload.py 266 django.utils.autoreload trigger_reload 13804 C:\Users\Raghad-windows\Desktop\dev\SysDoc2\SysDoc2\useraccount\views.py changed, reloading.
INFO 2024-01-31 17:40:08,449 django.utils.autoreload MainThread 28788 autoreload autoreload.py 668 django.utils.autoreload run_with_reloader 13048 Watching for file changes with StatReloader
INFO 2024-01-31 17:40:11,092 django.server Thread-1 (process_request_thread) 18328 basehttp basehttp.py 212 django.server log_message 13048 "GET /useraccount/document/National%20ID/ HTTP/1.1" 302 0
INFO 2024-01-31 17:40:11,116 django.server Thread-1 (process_request_thread) 18328 basehttp basehttp.py 212 django.server log_message 13048 "GET /login/?next=/useraccount/document/National%2520ID/ HTTP/1.1" 200 6873
INFO 2024-01-31 17:40:24,634 django.server Thread-1 (process_request_thread) 18328 basehttp basehttp.py 212 django.server log_message 13048 "POST /login/?next=/useraccount/document/National%2520ID/ HTTP/1.1" 302 0
INFO 2024-01-31 17:40:24,698 django.server Thread-1 (process_request_thread) 18328 basehttp basehttp.py 212 django.server log_message 13048 "GET /useraccount/systemcategories/ HTTP/1.1" 200 11490
INFO 2024-01-31 17:40:26,933 django.server Thread-1 (process_request_thread) 18328 basehttp basehttp.py 212 django.server log_message 13048 "GET /useraccount/profile/ HTTP/1.1" 200 9630
INFO 2024-01-31 17:40:26,957 django.server Thread-1 (process_request_thread) 18328 basehttp basehttp.py 212 django.server log_message 13048 "GET /static/image/defult.png HTTP/1.1" 304 0
INFO 2024-01-31 17:40:26,957 django.server Thread-2 (process_request_thread) 14964 basehttp basehttp.py 212 django.server log_message 13048 "GET /static/image/writing-icon.svg HTTP/1.1" 304 0
INFO 2024-01-31 17:40:28,864 django.server Thread-2 (process_request_thread) 14964 basehttp basehttp.py 212 django.server log_message 13048 "GET /useraccount/userinfo/ HTTP/1.1" 200 9222
INFO 2024-01-31 17:40:30,964 django.server Thread-2 (process_request_thread) 14964 basehttp basehttp.py 212 django.server log_message 13048 "GET /useraccount/systemcategories/ HTTP/1.1" 200 11490
INFO 2024-01-31 17:40:32,487 django.server Thread-2 (process_request_thread) 14964 basehttp basehttp.py 212 django.server log_message 13048 "GET /useraccount/usercategories/ HTTP/1.1" 200 5375
INFO 2024-01-31 17:40:36,565 django.server Thread-2 (process_request_thread) 14964 basehttp basehttp.py 212 django.server log_message 13048 "GET /useraccount/createcategory/ HTTP/1.1" 200 8118
INFO 2024-01-31 17:40:40,012 django.server Thread-2 (process_request_thread) 14964 basehttp basehttp.py 212 django.server log_message 13048 "GET /useraccount/faq/ HTTP/1.1" 200 10849
INFO 2024-01-31 17:40:41,133 django.server Thread-2 (process_request_thread) 14964 basehttp basehttp.py 212 django.server log_message 13048 "GET /useraccount/faq/ HTTP/1.1" 200 10849
INFO 2024-01-31 17:40:42,723 django.server Thread-2 (process_request_thread) 14964 basehttp basehttp.py 212 django.server log_message 13048 "GET /useraccount/aboutus/ HTTP/1.1" 200 6950
INFO 2024-01-31 17:40:42,739 django.server Thread-2 (process_request_thread) 14964 basehttp basehttp.py 212 django.server log_message 13048 "GET /static/image/maria.jpg HTTP/1.1" 304 0
INFO 2024-01-31 17:40:42,739 django.server Thread-1 (process_request_thread) 18328 basehttp basehttp.py 212 django.server log_message 13048 "GET /static/image/deena.jpg HTTP/1.1" 304 0
INFO 2024-01-31 17:40:42,739 django.server Thread-3 (process_request_thread) 7180 basehttp basehttp.py 212 django.server log_message 13048 "GET /static/image/haya.jpeg HTTP/1.1" 304 0
INFO 2024-01-31 17:40:45,930 django.server Thread-3 (process_request_thread) 7180 basehttp basehttp.py 212 django.server log_message 13048 "GET /useraccount/contactus/ HTTP/1.1" 200 7127
WARNING 2024-01-31 17:40:46,010 django.request Thread-3 (process_request_thread) 7180 log log.py 241 django.request log_response 13048 Not Found: /useraccount/css/contact.css
WARNING 2024-01-31 17:40:46,010 django.server Thread-3 (process_request_thread) 7180 basehttp basehttp.py 212 django.server log_message 13048 "GET /useraccount/css/contact.css HTTP/1.1" 404 8601
INFO 2024-01-31 17:46:08,530 django.server Thread-4 (process_request_thread) 25912 basehttp basehttp.py 212 django.server log_message 13048 "GET /useraccount/systemcategories/ HTTP/1.1" 302 0
INFO 2024-01-31 17:46:08,540 django.server Thread-4 (process_request_thread) 25912 basehttp basehttp.py 212 django.server log_message 13048 "GET /login/?next=/useraccount/systemcategories/ HTTP/1.1" 200 6873
INFO 2024-01-31 17:46:28,941 django.server Thread-4 (process_request_thread) 25912 basehttp basehttp.py 212 django.server log_message 13048 "POST /login/?next=/useraccount/systemcategories/ HTTP/1.1" 302 0
INFO 2024-01-31 17:46:28,987 django.server Thread-4 (process_request_thread) 25912 basehttp basehttp.py 212 django.server log_message 13048 "GET /useraccount/systemcategories/ HTTP/1.1" 200 11490
INFO 2024-01-31 17:46:29,006 django.server Thread-4 (process_request_thread) 25912 basehttp basehttp.py 212 django.server log_message 13048 "GET /static/image/flag.jpeg HTTP/1.1" 304 0
INFO 2024-01-31 17:46:30,946 django.server Thread-4 (process_request_thread) 25912 basehttp basehttp.py 212 django.server log_message 13048 "GET /useraccount/protectedcategory/Passport/ HTTP/1.1" 200 5972
INFO 2024-01-31 17:46:34,925 django.server Thread-4 (process_request_thread) 25912 basehttp basehttp.py 212 django.server log_message 13048 "POST /useraccount/protectedcategory/Passport/ HTTP/1.1" 302 0
INFO 2024-01-31 17:46:34,970 django.server Thread-4 (process_request_thread) 25912 basehttp basehttp.py 212 django.server log_message 13048 "GET /useraccount/document/Passport/ HTTP/1.1" 200 5499
INFO 2024-01-31 17:46:37,088 django.server Thread-4 (process_request_thread) 25912 basehttp basehttp.py 212 django.server log_message 13048 "GET /useraccount/open_pdf/Passport/408198356-passport.pdf/ HTTP/1.1" 200 50264
INFO 2024-01-31 17:46:43,456 django.server Thread-4 (process_request_thread) 25912 basehttp basehttp.py 212 django.server log_message 13048 "GET /useraccount/profile/ HTTP/1.1" 200 9630
INFO 2024-01-31 17:46:43,469 django.server Thread-5 (process_request_thread) 17804 basehttp basehttp.py 212 django.server log_message 13048 "GET /static/image/writing-icon.svg HTTP/1.1" 304 0
INFO 2024-01-31 17:46:43,469 django.server Thread-4 (process_request_thread) 25912 basehttp basehttp.py 212 django.server log_message 13048 "GET /static/image/defult.png HTTP/1.1" 304 0
INFO 2024-01-31 17:46:45,396 django.server Thread-4 (process_request_thread) 25912 basehttp basehttp.py 212 django.server log_message 13048 "GET /useraccount/userinfo/ HTTP/1.1" 200 9222
INFO 2024-01-31 17:46:47,187 django.server Thread-4 (process_request_thread) 25912 basehttp basehttp.py 212 django.server log_message 13048 "GET /useraccount/faq/ HTTP/1.1" 200 10849
INFO 2024-01-31 17:46:48,811 django.server Thread-4 (process_request_thread) 25912 basehttp basehttp.py 212 django.server log_message 13048 "GET /useraccount/aboutus/ HTTP/1.1" 200 6950
INFO 2024-01-31 17:46:48,833 django.server Thread-4 (process_request_thread) 25912 basehttp basehttp.py 212 django.server log_message 13048 "GET /static/image/maria.jpg HTTP/1.1" 304 0
INFO 2024-01-31 17:46:48,833 django.server Thread-5 (process_request_thread) 17804 basehttp basehttp.py 212 django.server log_message 13048 "GET /static/image/deena.jpg HTTP/1.1" 304 0
INFO 2024-01-31 17:46:48,833 django.server Thread-7 (process_request_thread) 11396 basehttp basehttp.py 212 django.server log_message 13048 "GET /static/image/haya.jpeg HTTP/1.1" 304 0
INFO 2024-01-31 17:46:50,829 django.server Thread-7 (process_request_thread) 11396 basehttp basehttp.py 212 django.server log_message 13048 "GET /useraccount/contactus/ HTTP/1.1" 200 7127
WARNING 2024-01-31 17:46:50,874 django.request Thread-7 (process_request_thread) 11396 log log.py 241 django.request log_response 13048 Not Found: /useraccount/css/contact.css
WARNING 2024-01-31 17:46:50,890 django.server Thread-7 (process_request_thread) 11396 basehttp basehttp.py 212 django.server log_message 13048 "GET /useraccount/css/contact.css HTTP/1.1" 404 8601
INFO 2024-01-31 17:46:53,334 django.server Thread-7 (process_request_thread) 11396 basehttp basehttp.py 212 django.server log_message 13048 "GET /useraccount/logout/ HTTP/1.1" 302 0
INFO 2024-01-31 17:46:53,339 django.server Thread-7 (process_request_thread) 11396 basehttp basehttp.py 212 django.server log_message 13048 "GET /login/ HTTP/1.1" 200 6741
